<?xml version="1.0" encoding="UTF-8"?>
<testsuite name="memory.MemoryFinderTest" tests="1" skipped="0" failures="0" errors="0" timestamp="2024-04-23T04:08:06" hostname="DESKTOP-12OGKRV" time="0.192">
  <properties/>
  <testcase name="get()" classname="memory.MemoryFinderTest" time="0.192"/>
  <system-out><![CDATA[]]></system-out>
  <system-err><![CDATA[]]></system-err>
</testsuite>
